<?xml version="1.0" encoding="UTF-8"?>
<!-- Generated by org.testng.reporters.JUnitReportReporter -->
<testsuite hostname="DESKTOP-KQ8S6LS" failures="0" tests="2" name="qaclickacademy.RestApiTest" time="0.016" errors="0" timestamp="2021-02-03T14:34:07 IST" skipped="0">
  <testcase classname="qaclickacademy.RestApiTest" name="deleteTwitter" time="0.000"/>
  <system-out/>
  <testcase classname="qaclickacademy.RestApiTest" name="PostJira" time="0.016"/>
  <system-out/>
</testsuite> <!-- qaclickacademy.RestApiTest -->
